<?xml version="1.0" encoding="UTF-8"?>
<testsuite xmlns:xsi="http://www.w3.org/2001/XMLSchema-instance" xsi:noNamespaceSchemaLocation="https://maven.apache.org/surefire/maven-surefire-plugin/xsd/surefire-test-report.xsd" name="com.nethealth.restController.PatientRestControllerTest" time="3.6" tests="2" errors="0" skipped="0" failures="0">
  <properties>
[...]
</properties>
  <testcase name="testSave" classname="com.nethealth.restController.PatientRestControllerTest" time="0.104"/>
  <testcase name="testActivateAccount" classname="com.nethealth.restController.PatientRestControllerTest" time="0.016"/>
</testsuite>